<?xml version="1.0" encoding="UTF-8"?>
<!-- Generated by org.testng.reporters.JUnitXMLReporter -->
<testsuite hostname="SHAWON-HPWIN10" ignored="0" name="textBoxCheck" tests="3" failures="0" timestamp="2021-09-25T23:36:05 BDT" time="81.405" errors="0">
  <testcase name="lossExchange" time="6.389" classname="testcases.CalculationTest"/>
  <testcase name="sellBuyInputTest" time="3.219" classname="testcases.CalculationTest"/>
  <testcase name="selectCountry" time="33.795" classname="testcases.CountrySelectTest"/>
</testsuite> <!-- textBoxCheck -->
