<?xml version="1.0" encoding="UTF-8"?>
<testng-results skipped="0" failed="0" ignored="0" total="3" passed="3">
  <reporter-output>
  </reporter-output>
  <suite name="Selenium Suite" duration-ms="81405" started-at="2021-09-25T23:34:42 BDT" finished-at="2021-09-25T23:36:03 BDT">
    <groups>
    </groups>
    <test name="textBoxCheck" duration-ms="81405" started-at="2021-09-25T23:34:42 BDT" finished-at="2021-09-25T23:36:03 BDT">
      <class name="testcases.CalculationTest">
        <test-method status="PASS" signature="setUp()[pri:0, instance:testcases.CalculationTest@3fd7a715]" name="setUp" is-config="true" duration-ms="24622" started-at="2021-09-25T23:34:42 BDT" finished-at="2021-09-25T23:35:06 BDT">
          <reporter-output>
          </reporter-output>
        </test-method> <!-- setUp -->
        <test-method status="PASS" signature="lossExchange()[pri:1, instance:testcases.CalculationTest@3fd7a715]" name="lossExchange" duration-ms="6389" started-at="2021-09-25T23:35:06 BDT" finished-at="2021-09-25T23:35:13 BDT">
          <reporter-output>
          </reporter-output>
        </test-method> <!-- lossExchange -->
        <test-method status="PASS" signature="sellBuyInputTest()[pri:2, instance:testcases.CalculationTest@3fd7a715]" name="sellBuyInputTest" duration-ms="3219" started-at="2021-09-25T23:35:13 BDT" finished-at="2021-09-25T23:35:16 BDT">
          <reporter-output>
          </reporter-output>
        </test-method> <!-- sellBuyInputTest -->
        <test-method status="PASS" signature="closeDriver()[pri:0, instance:testcases.CalculationTest@3fd7a715]" name="closeDriver" is-config="true" duration-ms="669" started-at="2021-09-25T23:35:16 BDT" finished-at="2021-09-25T23:35:17 BDT">
          <reporter-output>
          </reporter-output>
        </test-method> <!-- closeDriver -->
      </class> <!-- testcases.CalculationTest -->
      <class name="testcases.CountrySelectTest">
        <test-method status="PASS" signature="setUp()[pri:0, instance:testcases.CountrySelectTest@2d6eabae]" name="setUp" is-config="true" duration-ms="11955" started-at="2021-09-25T23:35:17 BDT" finished-at="2021-09-25T23:35:29 BDT">
          <reporter-output>
          </reporter-output>
        </test-method> <!-- setUp -->
        <test-method status="PASS" signature="selectCountry()[pri:1, instance:testcases.CountrySelectTest@2d6eabae]" name="selectCountry" duration-ms="33795" started-at="2021-09-25T23:35:29 BDT" finished-at="2021-09-25T23:36:02 BDT">
          <reporter-output>
          </reporter-output>
        </test-method> <!-- selectCountry -->
        <test-method status="PASS" signature="finish()[pri:0, instance:testcases.CountrySelectTest@2d6eabae]" name="finish" is-config="true" duration-ms="717" started-at="2021-09-25T23:36:02 BDT" finished-at="2021-09-25T23:36:03 BDT">
          <reporter-output>
          </reporter-output>
        </test-method> <!-- finish -->
      </class> <!-- testcases.CountrySelectTest -->
    </test> <!-- textBoxCheck -->
  </suite> <!-- Selenium Suite -->
</testng-results>
